[2019-10-11 15:53:29,768] INFO Reading configuration from: config/zookeeper.properties (org.apache.zookeeper.server.quorum.QuorumPeerConfig)
[2019-10-11 15:53:29,777] INFO autopurge.snapRetainCount set to 3 (org.apache.zookeeper.server.DatadirCleanupManager)
[2019-10-11 15:53:29,777] INFO autopurge.purgeInterval set to 0 (org.apache.zookeeper.server.DatadirCleanupManager)
[2019-10-11 15:53:29,777] INFO Purge task is not scheduled. (org.apache.zookeeper.server.DatadirCleanupManager)
[2019-10-11 15:53:29,780] WARN Either no config or no quorum defined in config, running  in standalone mode (org.apache.zookeeper.server.quorum.QuorumPeerMain)
[2019-10-11 15:53:29,830] INFO Reading configuration from: config/zookeeper.properties (org.apache.zookeeper.server.quorum.QuorumPeerConfig)
[2019-10-11 15:53:29,832] INFO Starting server (org.apache.zookeeper.server.ZooKeeperServerMain)
[2019-10-11 15:53:29,861] INFO Server environment:zookeeper.version=3.4.14-4c25d480e66aadd371de8bd2fd8da255ac140bcf, built on 03/06/2019 16:18 GMT (org.apache.zookeeper.server.ZooKeeperServer)
[2019-10-11 15:53:29,861] INFO Server environment:host.name=test-zookeeper.c.abra-stock.internal (org.apache.zookeeper.server.ZooKeeperServer)
[2019-10-11 15:53:29,861] INFO Server environment:java.version=11.0.4 (org.apache.zookeeper.server.ZooKeeperServer)
[2019-10-11 15:53:29,862] INFO Server environment:java.vendor=Ubuntu (org.apache.zookeeper.server.ZooKeeperServer)
[2019-10-11 15:53:29,862] INFO Server environment:java.home=/usr/lib/jvm/java-11-openjdk-amd64 (org.apache.zookeeper.server.ZooKeeperServer)
[2019-10-11 15:53:29,862] INFO Server environment:java.class.path=/home/kafka/kafka/bin/../libs/activation-1.1.1.jar:/home/kafka/kafka/bin/../libs/aopalliance-repackaged-2.5.0.jar:/home/kafka/kafka/bin/../libs/argparse4j-0.7.0.jar:/home/kafka/kafka/bin/../libs/audience-annotations-0.5.0.jar:/home/kafka/kafka/bin/../libs/commons-lang3-3.8.1.jar:/home/kafka/kafka/bin/../libs/connect-api-2.3.0.jar:/home/kafka/kafka/bin/../libs/connect-basic-auth-extension-2.3.0.jar:/home/kafka/kafka/bin/../libs/connect-file-2.3.0.jar:/home/kafka/kafka/bin/../libs/connect-json-2.3.0.jar:/home/kafka/kafka/bin/../libs/connect-runtime-2.3.0.jar:/home/kafka/kafka/bin/../libs/connect-transforms-2.3.0.jar:/home/kafka/kafka/bin/../libs/guava-20.0.jar:/home/kafka/kafka/bin/../libs/hk2-api-2.5.0.jar:/home/kafka/kafka/bin/../libs/hk2-locator-2.5.0.jar:/home/kafka/kafka/bin/../libs/hk2-utils-2.5.0.jar:/home/kafka/kafka/bin/../libs/jackson-annotations-2.9.9.jar:/home/kafka/kafka/bin/../libs/jackson-core-2.9.9.jar:/home/kafka/kafka/bin/../libs/jackson-databind-2.9.9.jar:/home/kafka/kafka/bin/../libs/jackson-dataformat-csv-2.9.9.jar:/home/kafka/kafka/bin/../libs/jackson-datatype-jdk8-2.9.9.jar:/home/kafka/kafka/bin/../libs/jackson-jaxrs-base-2.9.9.jar:/home/kafka/kafka/bin/../libs/jackson-jaxrs-json-provider-2.9.9.jar:/home/kafka/kafka/bin/../libs/jackson-module-jaxb-annotations-2.9.9.jar:/home/kafka/kafka/bin/../libs/jackson-module-paranamer-2.9.9.jar:/home/kafka/kafka/bin/../libs/jackson-module-scala_2.11-2.9.9.jar:/home/kafka/kafka/bin/../libs/jakarta.annotation-api-1.3.4.jar:/home/kafka/kafka/bin/../libs/jakarta.inject-2.5.0.jar:/home/kafka/kafka/bin/../libs/jakarta.ws.rs-api-2.1.5.jar:/home/kafka/kafka/bin/../libs/javassist-3.22.0-CR2.jar:/home/kafka/kafka/bin/../libs/javax.servlet-api-3.1.0.jar:/home/kafka/kafka/bin/../libs/javax.ws.rs-api-2.1.1.jar:/home/kafka/kafka/bin/../libs/jaxb-api-2.3.0.jar:/home/kafka/kafka/bin/../libs/jersey-client-2.28.jar:/home/kafka/kafka/bin/../libs/jersey-common-2.28.jar:/home/kafka/kafka/bin/../libs/jersey-container-servlet-2.28.jar:/home/kafka/kafka/bin/../libs/jersey-container-servlet-core-2.28.jar:/home/kafka/kafka/bin/../libs/jersey-hk2-2.28.jar:/home/kafka/kafka/bin/../libs/jersey-media-jaxb-2.28.jar:/home/kafka/kafka/bin/../libs/jersey-server-2.28.jar:/home/kafka/kafka/bin/../libs/jetty-client-9.4.18.v20190429.jar:/home/kafka/kafka/bin/../libs/jetty-continuation-9.4.18.v20190429.jar:/home/kafka/kafka/bin/../libs/jetty-http-9.4.18.v20190429.jar:/home/kafka/kafka/bin/../libs/jetty-io-9.4.18.v20190429.jar:/home/kafka/kafka/bin/../libs/jetty-security-9.4.18.v20190429.jar:/home/kafka/kafka/bin/../libs/jetty-server-9.4.18.v20190429.jar:/home/kafka/kafka/bin/../libs/jetty-servlet-9.4.18.v20190429.jar:/home/kafka/kafka/bin/../libs/jetty-servlets-9.4.18.v20190429.jar:/home/kafka/kafka/bin/../libs/jetty-util-9.4.18.v20190429.jar:/home/kafka/kafka/bin/../libs/jopt-simple-5.0.4.jar:/home/kafka/kafka/bin/../libs/jsr305-3.0.2.jar:/home/kafka/kafka/bin/../libs/kafka-clients-2.3.0.jar:/home/kafka/kafka/bin/../libs/kafka-log4j-appender-2.3.0.jar:/home/kafka/kafka/bin/../libs/kafka-streams-2.3.0.jar:/home/kafka/kafka/bin/../libs/kafka-streams-examples-2.3.0.jar:/home/kafka/kafka/bin/../libs/kafka-streams-scala_2.11-2.3.0.jar:/home/kafka/kafka/bin/../libs/kafka-streams-test-utils-2.3.0.jar:/home/kafka/kafka/bin/../libs/kafka-tools-2.3.0.jar:/home/kafka/kafka/bin/../libs/kafka_2.11-2.3.0-sources.jar:/home/kafka/kafka/bin/../libs/kafka_2.11-2.3.0.jar:/home/kafka/kafka/bin/../libs/log4j-1.2.17.jar:/home/kafka/kafka/bin/../libs/lz4-java-1.6.0.jar:/home/kafka/kafka/bin/../libs/maven-artifact-3.6.1.jar:/home/kafka/kafka/bin/../libs/metrics-core-2.2.0.jar:/home/kafka/kafka/bin/../libs/osgi-resource-locator-1.0.1.jar:/home/kafka/kafka/bin/../libs/paranamer-2.8.jar:/home/kafka/kafka/bin/../libs/plexus-utils-3.2.0.jar:/home/kafka/kafka/bin/../libs/reflections-0.9.11.jar:/home/kafka/kafka/bin/../libs/rocksdbjni-5.18.3.jar:/home/kafka/kafka/bin/../libs/scala-library-2.11.12.jar:/home/kafka/kafka/bin/../libs/scala-logging_2.11-3.9.0.jar:/home/kafka/kafka/bin/../libs/scala-reflect-2.11.12.jar:/home/kafka/kafka/bin/../libs/slf4j-api-1.7.26.jar:/home/kafka/kafka/bin/../libs/slf4j-log4j12-1.7.26.jar:/home/kafka/kafka/bin/../libs/snappy-java-1.1.7.3.jar:/home/kafka/kafka/bin/../libs/spotbugs-annotations-3.1.9.jar:/home/kafka/kafka/bin/../libs/validation-api-2.0.1.Final.jar:/home/kafka/kafka/bin/../libs/zkclient-0.11.jar:/home/kafka/kafka/bin/../libs/zookeeper-3.4.14.jar:/home/kafka/kafka/bin/../libs/zstd-jni-1.4.0-1.jar (org.apache.zookeeper.server.ZooKeeperServer)
[2019-10-11 15:53:29,863] INFO Server environment:java.library.path=/usr/java/packages/lib:/usr/lib/x86_64-linux-gnu/jni:/lib/x86_64-linux-gnu:/usr/lib/x86_64-linux-gnu:/usr/lib/jni:/lib:/usr/lib (org.apache.zookeeper.server.ZooKeeperServer)
[2019-10-11 15:53:29,863] INFO Server environment:java.io.tmpdir=/tmp (org.apache.zookeeper.server.ZooKeeperServer)
[2019-10-11 15:53:29,863] INFO Server environment:java.compiler=<NA> (org.apache.zookeeper.server.ZooKeeperServer)
[2019-10-11 15:53:29,863] INFO Server environment:os.name=Linux (org.apache.zookeeper.server.ZooKeeperServer)
[2019-10-11 15:53:29,863] INFO Server environment:os.arch=amd64 (org.apache.zookeeper.server.ZooKeeperServer)
[2019-10-11 15:53:29,863] INFO Server environment:os.version=4.15.0-1044-gcp (org.apache.zookeeper.server.ZooKeeperServer)
[2019-10-11 15:53:29,863] INFO Server environment:user.name=root (org.apache.zookeeper.server.ZooKeeperServer)
[2019-10-11 15:53:29,863] INFO Server environment:user.home=/root (org.apache.zookeeper.server.ZooKeeperServer)
[2019-10-11 15:53:29,864] INFO Server environment:user.dir=/home/kafka/kafka (org.apache.zookeeper.server.ZooKeeperServer)
[2019-10-11 15:53:29,884] INFO tickTime set to 3000 (org.apache.zookeeper.server.ZooKeeperServer)
[2019-10-11 15:53:29,885] INFO minSessionTimeout set to -1 (org.apache.zookeeper.server.ZooKeeperServer)
[2019-10-11 15:53:29,885] INFO maxSessionTimeout set to -1 (org.apache.zookeeper.server.ZooKeeperServer)
[2019-10-11 15:53:29,952] INFO Using org.apache.zookeeper.server.NIOServerCnxnFactory as server connection factory (org.apache.zookeeper.server.ServerCnxnFactory)
[2019-10-11 15:53:29,998] INFO binding to port 0.0.0.0/0.0.0.0:2181 (org.apache.zookeeper.server.NIOServerCnxnFactory)
[2019-10-11 15:53:51,511] INFO Accepted socket connection from /10.241.0.116:48074 (org.apache.zookeeper.server.NIOServerCnxnFactory)
[2019-10-11 15:53:54,243] INFO The list of known four letter word commands is : [{1936881266=srvr, 1937006964=stat, 2003003491=wchc, 1685417328=dump, 1668445044=crst, 1936880500=srst, 1701738089=envi, 1668247142=conf, 2003003507=wchs, 2003003504=wchp, 1668247155=cons, 1835955314=mntr, 1769173615=isro, 1920298859=ruok, 1735683435=gtmk, 1937010027=stmk}] (org.apache.zookeeper.server.ServerCnxn)
[2019-10-11 15:53:54,244] INFO The list of enabled four letter word commands is : [[wchs, stat, stmk, conf, ruok, mntr, srvr, envi, srst, isro, dump, gtmk, crst, cons]] (org.apache.zookeeper.server.ServerCnxn)
[2019-10-11 15:53:54,245] INFO Processing ruok command from /10.241.0.116:48074 (org.apache.zookeeper.server.NIOServerCnxn)
[2019-10-11 15:53:54,267] INFO Closed socket connection for client /10.241.0.116:48074 (no session established for client) (org.apache.zookeeper.server.NIOServerCnxn)
